<?xml version="1.0" encoding="UTF-8"?>
<coverage generated="1767303777944" clover="3.2.0">
  <project timestamp="1767303777944" name="All files">
    <metrics statements="110" coveredstatements="110" conditionals="64" coveredconditionals="56" methods="74" coveredmethods="74" elements="248" coveredelements="240" complexity="0" loc="110" ncloc="110" packages="6" files="6" classes="6"/>
    <package name="Button">
      <metrics statements="32" coveredstatements="32" conditionals="34" coveredconditionals="32" methods="27" coveredmethods="27"/>
      <file name="Button.tsx" path="/Users/ahmedragab/Ragab/_Projects/__proto__/website/src/components/atoms/Button/Button.tsx">
        <metrics statements="32" coveredstatements="32" conditionals="34" coveredconditionals="32" methods="27" coveredmethods="27"/>
        <line num="5" count="1" type="stmt"/>
        <line num="146" count="1" type="stmt"/>
        <line num="147" count="31" type="stmt"/>
        <line num="161" count="31" type="stmt"/>
        <line num="162" count="31" type="cond" truecount="2" falsecount="0"/>
        <line num="163" count="27" type="cond" truecount="2" falsecount="0"/>
        <line num="164" count="23" type="stmt"/>
        <line num="167" count="31" type="stmt"/>
        <line num="168" count="2" type="cond" truecount="5" falsecount="1"/>
        <line num="173" count="2" type="stmt"/>
        <line num="174" count="2" type="stmt"/>
        <line num="178" count="31" type="stmt"/>
        <line num="184" count="31" type="cond" truecount="2" falsecount="0"/>
        <line num="186" count="31" type="stmt"/>
        <line num="195" count="30" type="cond" truecount="2" falsecount="0"/>
        <line num="196" count="31" type="cond" truecount="2" falsecount="0"/>
        <line num="197" count="31" type="stmt"/>
        <line num="198" count="31" type="stmt"/>
        <line num="199" count="31" type="stmt"/>
        <line num="201" count="31" type="stmt"/>
        <line num="203" count="31" type="cond" truecount="4" falsecount="0"/>
        <line num="205" count="4" type="stmt"/>
        <line num="207" count="1" type="stmt"/>
        <line num="209" count="1" type="stmt"/>
        <line num="219" count="27" type="cond" truecount="2" falsecount="0"/>
        <line num="223" count="27" type="cond" truecount="2" falsecount="0"/>
        <line num="224" count="1" type="stmt"/>
        <line num="228" count="27" type="cond" truecount="2" falsecount="0"/>
        <line num="229" count="27" type="cond" truecount="2" falsecount="0"/>
        <line num="230" count="1" type="stmt"/>
        <line num="235" count="31" type="stmt"/>
        <line num="238" count="1" type="cond" truecount="1" falsecount="1"/>
      </file>
    </package>
    <package name="Card">
      <metrics statements="8" coveredstatements="8" conditionals="2" coveredconditionals="1" methods="4" coveredmethods="4"/>
      <file name="Card.tsx" path="/Users/ahmedragab/Ragab/_Projects/__proto__/website/src/components/atoms/Card/Card.tsx">
        <metrics statements="8" coveredstatements="8" conditionals="2" coveredconditionals="1" methods="4" coveredmethods="4"/>
        <line num="4" count="1" type="stmt"/>
        <line num="32" count="1" type="stmt"/>
        <line num="33" count="13" type="stmt"/>
        <line num="40" count="13" type="stmt"/>
        <line num="46" count="12" type="stmt"/>
        <line num="48" count="13" type="stmt"/>
        <line num="50" count="13" type="stmt"/>
        <line num="53" count="1" type="cond" truecount="1" falsecount="1"/>
      </file>
    </package>
    <package name="Icon">
      <metrics statements="9" coveredstatements="9" conditionals="6" coveredconditionals="5" methods="5" coveredmethods="5"/>
      <file name="Icon.tsx" path="/Users/ahmedragab/Ragab/_Projects/__proto__/website/src/components/atoms/Icon/Icon.tsx">
        <metrics statements="9" coveredstatements="9" conditionals="6" coveredconditionals="5" methods="5" coveredmethods="5"/>
        <line num="4" count="2" type="stmt"/>
        <line num="38" count="2" type="stmt"/>
        <line num="39" count="21" type="stmt"/>
        <line num="48" count="21" type="stmt"/>
        <line num="54" count="21" type="stmt"/>
        <line num="55" count="21" type="stmt"/>
        <line num="59" count="21" type="stmt"/>
        <line num="61" count="21" type="stmt"/>
        <line num="64" count="2" type="cond" truecount="1" falsecount="1"/>
      </file>
    </package>
    <package name="Input">
      <metrics statements="31" coveredstatements="31" conditionals="10" coveredconditionals="9" methods="20" coveredmethods="20"/>
      <file name="Input.tsx" path="/Users/ahmedragab/Ragab/_Projects/__proto__/website/src/components/atoms/Input/Input.tsx">
        <metrics statements="31" coveredstatements="31" conditionals="10" coveredconditionals="9" methods="20" coveredmethods="20"/>
        <line num="4" count="1" type="stmt"/>
        <line num="46" count="1" type="stmt"/>
        <line num="47" count="23" type="stmt"/>
        <line num="56" count="23" type="stmt"/>
        <line num="57" count="24" type="cond" truecount="2" falsecount="0"/>
        <line num="58" count="23" type="cond" truecount="2" falsecount="0"/>
        <line num="59" count="20" type="stmt"/>
        <line num="62" count="23" type="stmt"/>
        <line num="63" count="3" type="stmt"/>
        <line num="64" count="3" type="stmt"/>
        <line num="65" count="3" type="stmt"/>
        <line num="68" count="23" type="stmt"/>
        <line num="70" count="23" type="stmt"/>
        <line num="71" count="22" type="cond" truecount="2" falsecount="0"/>
        <line num="72" count="24" type="stmt"/>
        <line num="73" count="23" type="stmt"/>
        <line num="74" count="23" type="stmt"/>
        <line num="75" count="21" type="stmt"/>
        <line num="76" count="23" type="stmt"/>
        <line num="77" count="24" type="stmt"/>
        <line num="78" count="23" type="stmt"/>
        <line num="79" count="23" type="stmt"/>
        <line num="80" count="23" type="stmt"/>
        <line num="81" count="24" type="stmt"/>
        <line num="82" count="23" type="stmt"/>
        <line num="83" count="24" type="stmt"/>
        <line num="84" count="23" type="stmt"/>
        <line num="85" count="21" type="stmt"/>
        <line num="86" count="24" type="stmt"/>
        <line num="92" count="23" type="stmt"/>
        <line num="95" count="1" type="cond" truecount="1" falsecount="1"/>
      </file>
    </package>
    <package name="Label">
      <metrics statements="11" coveredstatements="11" conditionals="6" coveredconditionals="5" methods="7" coveredmethods="7"/>
      <file name="Label.tsx" path="/Users/ahmedragab/Ragab/_Projects/__proto__/website/src/components/atoms/Label/Label.tsx">
        <metrics statements="11" coveredstatements="11" conditionals="6" coveredconditionals="5" methods="7" coveredmethods="7"/>
        <line num="4" count="1" type="stmt"/>
        <line num="32" count="1" type="stmt"/>
        <line num="33" count="12" type="stmt"/>
        <line num="40" count="12" type="stmt"/>
        <line num="42" count="12" type="stmt"/>
        <line num="47" count="11" type="stmt"/>
        <line num="49" count="12" type="stmt"/>
        <line num="51" count="12" type="stmt"/>
        <line num="52" count="12" type="cond" truecount="2" falsecount="0"/>
        <line num="56" count="12" type="stmt"/>
        <line num="59" count="1" type="cond" truecount="1" falsecount="1"/>
      </file>
    </package>
    <package name="Text">
      <metrics statements="19" coveredstatements="19" conditionals="6" coveredconditionals="4" methods="11" coveredmethods="11"/>
      <file name="Text.tsx" path="/Users/ahmedragab/Ragab/_Projects/__proto__/website/src/components/atoms/Text/Text.tsx">
        <metrics statements="19" coveredstatements="19" conditionals="6" coveredconditionals="4" methods="11" coveredmethods="11"/>
        <line num="4" count="1" type="stmt"/>
        <line num="53" count="1" type="stmt"/>
        <line num="58" count="35" type="stmt"/>
        <line num="59" count="35" type="stmt"/>
        <line num="60" count="35" type="stmt"/>
        <line num="61" count="35" type="stmt"/>
        <line num="62" count="35" type="stmt"/>
        <line num="63" count="35" type="stmt"/>
        <line num="64" count="35" type="stmt"/>
        <line num="65" count="35" type="stmt"/>
        <line num="66" count="35" type="stmt"/>
        <line num="67" count="35" type="stmt"/>
        <line num="70" count="35" type="cond" truecount="1" falsecount="1"/>
        <line num="73" count="1" type="stmt"/>
        <line num="74" count="35" type="stmt"/>
        <line num="84" count="35" type="cond" truecount="2" falsecount="0"/>
        <line num="85" count="35" type="stmt"/>
        <line num="93" count="35" type="stmt"/>
        <line num="102" count="1" type="cond" truecount="1" falsecount="1"/>
      </file>
    </package>
  </project>
</coverage>
