{"/Users/ahmedragab/Ragab/_Projects/__proto__/website/src/components/atoms/Button/Button.tsx": {"path":"/Users/ahmedragab/Ragab/_Projects/__proto__/website/src/components/atoms/Button/Button.tsx","statementMap":{"0":{"start":{"line":5,"column":6},"end":{"line":129,"column":null}},"1":{"start":{"line":146,"column":16},"end":{"line":238,"column":null}},"2":{"start":{"line":147,"column":24},"end":{"line":159,"column":null}},"3":{"start":{"line":161,"column":24},"end":{"line":165,"column":null}},"4":{"start":{"line":162,"column":8},"end":{"line":162,"column":null}},"5":{"start":{"line":162,"column":28},"end":{"line":162,"column":null}},"6":{"start":{"line":163,"column":8},"end":{"line":163,"column":null}},"7":{"start":{"line":163,"column":27},"end":{"line":163,"column":null}},"8":{"start":{"line":164,"column":8},"end":{"line":164,"column":null}},"9":{"start":{"line":167,"column":26},"end":{"line":176,"column":null}},"10":{"start":{"line":168,"column":8},"end":{"line":175,"column":null}},"11":{"start":{"line":173,"column":12},"end":{"line":173,"column":null}},"12":{"start":{"line":174,"column":12},"end":{"line":174,"column":null}},"13":{"start":{"line":178,"column":24},"end":{"line":182,"column":null}},"14":{"start":{"line":184,"column":21},"end":{"line":184,"column":null}},"15":{"start":{"line":184,"column":27},"end":{"line":184,"column":null}},"16":{"start":{"line":186,"column":4},"end":{"line":235,"column":null}},"17":{"start":{"line":186,"column":4},"end":{"line":186,"column":null}},"18":{"start":{"line":186,"column":4},"end":{"line":198,"column":36}},"19":{"start":{"line":198,"column":36},"end":{"line":201,"column":null}},"20":{"start":{"line":198,"column":36},"end":{"line":194,"column":14}},"21":{"start":{"line":195,"column":16},"end":{"line":195,"column":41}},"22":{"start":{"line":196,"column":20},"end":{"line":196,"column":53}},"23":{"start":{"line":197,"column":19},"end":{"line":197,"column":34}},"24":{"start":{"line":197,"column":34},"end":{"line":199,"column":43}},"25":{"start":{"line":199,"column":43},"end":{"line":200,"column":58}},"26":{"start":{"line":201,"column":22},"end":{"line":235,"column":null}},"27":{"start":{"line":201,"column":22},"end":{"line":203,"column":null}},"28":{"start":{"line":201,"column":22},"end":{"line":203,"column":26}},"29":{"start":{"line":203,"column":26},"end":{"line":233,"column":null}},"30":{"start":{"line":203,"column":13},"end":{"line":233,"column":null}},"31":{"start":{"line":203,"column":13},"end":{"line":211,"column":null}},"32":{"start":{"line":205,"column":21},"end":{"line":205,"column":31}},"33":{"start":{"line":207,"column":32},"end":{"line":207,"column":44}},"34":{"start":{"line":209,"column":45},"end":{"line":211,"column":39}},"35":{"start":{"line":219,"column":21},"end":{"line":219,"column":35}},"36":{"start":{"line":219,"column":35},"end":{"line":225,"column":null}},"37":{"start":{"line":223,"column":21},"end":{"line":223,"column":65}},"38":{"start":{"line":224,"column":34},"end":{"line":224,"column":46}},"39":{"start":{"line":224,"column":65},"end":{"line":225,"column":39}},"40":{"start":{"line":228,"column":21},"end":{"line":228,"column":35}},"41":{"start":{"line":228,"column":35},"end":{"line":231,"column":null}},"42":{"start":{"line":229,"column":21},"end":{"line":229,"column":65}},"43":{"start":{"line":230,"column":34},"end":{"line":230,"column":46}},"44":{"start":{"line":230,"column":65},"end":{"line":231,"column":39}},"45":{"start":{"line":235,"column":13},"end":{"line":235,"column":null}},"46":{"start":{"line":238,"column":1},"end":{"line":238,"column":null}}},"fnMap":{"0":{"name":"Button2","decl":{"start":{"line":146,"column":16},"end":{"line":146,"column":22}},"loc":{"start":{"line":146,"column":43},"end":{"line":238,"column":1}},"line":146},"1":{"name":"(anonymous_1)","decl":{"start":{"line":161,"column":24},"end":{"line":161,"column":30}},"loc":{"start":{"line":161,"column":30},"end":{"line":165,"column":null}},"line":161},"2":{"name":"(anonymous_2)","decl":{"start":{"line":167,"column":26},"end":{"line":167,"column":27}},"loc":{"start":{"line":167,"column":48},"end":{"line":176,"column":null}},"line":167},"3":{"name":"(anonymous_3)","decl":{"start":{"line":184,"column":21},"end":{"line":184,"column":27}},"loc":{"start":{"line":184,"column":27},"end":{"line":184,"column":null}},"line":184},"4":{"name":"(anonymous_4)","decl":{"start":{"line":186,"column":4},"end":{"line":186,"column":null}},"loc":{"start":{"line":186,"column":4},"end":{"line":235,"column":null}},"line":186},"5":{"name":"(anonymous_5)","decl":{"start":{"line":198,"column":36},"end":{"line":198,"column":null}},"loc":{"start":{"line":198,"column":36},"end":{"line":194,"column":null}},"line":198},"6":{"name":"(anonymous_6)","decl":{"start":{"line":195,"column":12},"end":{"line":195,"column":16}},"loc":{"start":{"line":195,"column":16},"end":{"line":195,"column":null}},"line":195},"7":{"name":"(anonymous_7)","decl":{"start":{"line":196,"column":12},"end":{"line":196,"column":20}},"loc":{"start":{"line":196,"column":20},"end":{"line":196,"column":null}},"line":196},"8":{"name":"(anonymous_8)","decl":{"start":{"line":197,"column":12},"end":{"line":197,"column":19}},"loc":{"start":{"line":197,"column":19},"end":{"line":197,"column":null}},"line":197},"9":{"name":"(anonymous_9)","decl":{"start":{"line":197,"column":34},"end":{"line":197,"column":null}},"loc":{"start":{"line":197,"column":34},"end":{"line":199,"column":null}},"line":197},"10":{"name":"(anonymous_10)","decl":{"start":{"line":199,"column":43},"end":{"line":199,"column":null}},"loc":{"start":{"line":199,"column":43},"end":{"line":200,"column":null}},"line":199},"11":{"name":"(anonymous_11)","decl":{"start":{"line":201,"column":22},"end":{"line":201,"column":null}},"loc":{"start":{"line":201,"column":22},"end":{"line":235,"column":null}},"line":201},"12":{"name":"(anonymous_12)","decl":{"start":{"line":203,"column":26},"end":{"line":203,"column":null}},"loc":{"start":{"line":203,"column":13},"end":{"line":233,"column":null}},"line":203},"13":{"name":"(anonymous_13)","decl":{"start":{"line":203,"column":13},"end":{"line":203,"column":19}},"loc":{"start":{"line":203,"column":13},"end":{"line":211,"column":null}},"line":203},"14":{"name":"(anonymous_14)","decl":{"start":{"line":205,"column":21},"end":{"line":205,"column":27}},"loc":{"start":{"line":205,"column":21},"end":{"line":205,"column":31}},"line":205},"15":{"name":"(anonymous_15)","decl":{"start":{"line":207,"column":28},"end":{"line":207,"column":32}},"loc":{"start":{"line":207,"column":32},"end":{"line":207,"column":null}},"line":207},"16":{"name":"(anonymous_16)","decl":{"start":{"line":209,"column":45},"end":{"line":209,"column":null}},"loc":{"start":{"line":209,"column":45},"end":{"line":211,"column":null}},"line":209},"17":{"name":"(anonymous_17)","decl":{"start":{"line":218,"column":21},"end":{"line":218,"column":null}},"loc":{"start":{"line":219,"column":21},"end":{"line":219,"column":35}},"line":219},"18":{"name":"(anonymous_18)","decl":{"start":{"line":219,"column":35},"end":{"line":219,"column":null}},"loc":{"start":{"line":219,"column":35},"end":{"line":225,"column":null}},"line":219},"19":{"name":"(anonymous_19)","decl":{"start":{"line":223,"column":21},"end":{"line":223,"column":27}},"loc":{"start":{"line":223,"column":21},"end":{"line":223,"column":65}},"line":223},"20":{"name":"(anonymous_20)","decl":{"start":{"line":224,"column":30},"end":{"line":224,"column":34}},"loc":{"start":{"line":224,"column":34},"end":{"line":224,"column":61}},"line":224},"21":{"name":"(anonymous_21)","decl":{"start":{"line":224,"column":65},"end":{"line":224,"column":null}},"loc":{"start":{"line":224,"column":65},"end":{"line":225,"column":null}},"line":224},"22":{"name":"(anonymous_22)","decl":{"start":{"line":227,"column":21},"end":{"line":227,"column":null}},"loc":{"start":{"line":228,"column":21},"end":{"line":228,"column":35}},"line":228},"23":{"name":"(anonymous_23)","decl":{"start":{"line":228,"column":35},"end":{"line":228,"column":null}},"loc":{"start":{"line":228,"column":35},"end":{"line":231,"column":null}},"line":228},"24":{"name":"(anonymous_24)","decl":{"start":{"line":229,"column":21},"end":{"line":229,"column":27}},"loc":{"start":{"line":229,"column":21},"end":{"line":229,"column":65}},"line":229},"25":{"name":"(anonymous_25)","decl":{"start":{"line":230,"column":30},"end":{"line":230,"column":34}},"loc":{"start":{"line":230,"column":34},"end":{"line":230,"column":61}},"line":230},"26":{"name":"(anonymous_26)","decl":{"start":{"line":230,"column":65},"end":{"line":230,"column":null}},"loc":{"start":{"line":230,"column":65},"end":{"line":231,"column":null}},"line":230}},"branchMap":{"0":{"loc":{"start":{"line":162,"column":8},"end":{"line":162,"column":null}},"type":"if","locations":[{"start":{"line":162,"column":8},"end":{"line":162,"column":null}},{"start":{},"end":{}}],"line":162},"1":{"loc":{"start":{"line":163,"column":8},"end":{"line":163,"column":null}},"type":"if","locations":[{"start":{"line":163,"column":8},"end":{"line":163,"column":null}},{"start":{},"end":{}}],"line":163},"2":{"loc":{"start":{"line":168,"column":8},"end":{"line":175,"column":null}},"type":"if","locations":[{"start":{"line":168,"column":8},"end":{"line":175,"column":null}},{"start":{},"end":{}}],"line":168},"3":{"loc":{"start":{"line":168,"column":8},"end":{"line":171,"column":null}},"type":"binary-expr","locations":[{"start":{"line":169,"column":13},"end":{"line":169,"column":34}},{"start":{"line":169,"column":34},"end":{"line":169,"column":null}},{"start":{"line":170,"column":12},"end":{"line":170,"column":null}},{"start":{"line":171,"column":12},"end":{"line":171,"column":null}}],"line":168},"4":{"loc":{"start":{"line":184,"column":39},"end":{"line":184,"column":57}},"type":"binary-expr","locations":[{"start":{"line":184,"column":39},"end":{"line":184,"column":53}},{"start":{"line":184,"column":53},"end":{"line":184,"column":57}}],"line":184},"5":{"loc":{"start":{"line":193,"column":57},"end":{"line":193,"column":74}},"type":"binary-expr","locations":[{"start":{"line":193,"column":57},"end":{"line":193,"column":72}},{"start":{"line":193,"column":72},"end":{"line":193,"column":74}}],"line":193},"6":{"loc":{"start":{"line":195,"column":18},"end":{"line":195,"column":41}},"type":"binary-expr","locations":[{"start":{"line":195,"column":18},"end":{"line":195,"column":33}},{"start":{"line":195,"column":33},"end":{"line":195,"column":41}}],"line":195},"7":{"loc":{"start":{"line":196,"column":22},"end":{"line":196,"column":53}},"type":"binary-expr","locations":[{"start":{"line":196,"column":22},"end":{"line":196,"column":40}},{"start":{"line":196,"column":40},"end":{"line":196,"column":53}}],"line":196},"8":{"loc":{"start":{"line":200,"column":27},"end":{"line":200,"column":58}},"type":"binary-expr","locations":[{"start":{"line":200,"column":27},"end":{"line":200,"column":45}},{"start":{"line":200,"column":45},"end":{"line":200,"column":58}}],"line":200},"9":{"loc":{"start":{"line":203,"column":13},"end":{"line":233,"column":null}},"type":"cond-expr","locations":[{"start":{"line":203,"column":13},"end":{"line":219,"column":null}},{"start":{"line":219,"column":35},"end":{"line":233,"column":null}}],"line":203},"10":{"loc":{"start":{"line":203,"column":13},"end":{"line":211,"column":null}},"type":"cond-expr","locations":[{"start":{"line":205,"column":31},"end":{"line":211,"column":null}},{"start":{"line":211,"column":39},"end":{"line":211,"column":null}}],"line":203},"11":{"loc":{"start":{"line":219,"column":35},"end":{"line":225,"column":null}},"type":"binary-expr","locations":[{"start":{"line":219,"column":35},"end":{"line":223,"column":null}},{"start":{"line":223,"column":65},"end":{"line":225,"column":null}}],"line":219},"12":{"loc":{"start":{"line":223,"column":21},"end":{"line":223,"column":65}},"type":"binary-expr","locations":[{"start":{"line":223,"column":21},"end":{"line":223,"column":35}},{"start":{"line":223,"column":35},"end":{"line":223,"column":65}}],"line":223},"13":{"loc":{"start":{"line":228,"column":35},"end":{"line":231,"column":null}},"type":"binary-expr","locations":[{"start":{"line":228,"column":35},"end":{"line":229,"column":null}},{"start":{"line":229,"column":65},"end":{"line":231,"column":null}}],"line":228},"14":{"loc":{"start":{"line":229,"column":21},"end":{"line":229,"column":65}},"type":"binary-expr","locations":[{"start":{"line":229,"column":21},"end":{"line":229,"column":35}},{"start":{"line":229,"column":35},"end":{"line":229,"column":65}}],"line":229},"15":{"loc":{"start":{"line":238,"column":1},"end":{"line":238,"column":null}},"type":"if","locations":[{"start":{"line":238,"column":1},"end":{"line":238,"column":null}},{"start":{},"end":{}}],"line":238}},"s":{"0":1,"1":1,"2":31,"3":31,"4":31,"5":4,"6":27,"7":4,"8":23,"9":31,"10":2,"11":2,"12":2,"13":31,"14":31,"15":3,"16":31,"17":31,"18":31,"19":31,"20":31,"21":30,"22":31,"23":31,"24":31,"25":31,"26":31,"27":31,"28":31,"29":31,"30":31,"31":4,"32":4,"33":1,"34":1,"35":4,"36":27,"37":27,"38":1,"39":1,"40":27,"41":27,"42":27,"43":1,"44":1,"45":31,"46":1},"f":{"0":31,"1":31,"2":2,"3":3,"4":31,"5":31,"6":30,"7":31,"8":31,"9":31,"10":31,"11":62,"12":31,"13":4,"14":4,"15":1,"16":1,"17":4,"18":27,"19":27,"20":1,"21":1,"22":27,"23":27,"24":27,"25":1,"26":1},"b":{"0":[4,27],"1":[4,23],"2":[2,0],"3":[2,1,2,2],"4":[3,3],"5":[31,30],"6":[30,30],"7":[31,27],"8":[31,27],"9":[4,27],"10":[1,3],"11":[27,1],"12":[27,2],"13":[27,1],"14":[27,2],"15":[1,0]},"meta":{"lastBranch":16,"lastFunction":27,"lastStatement":47,"seen":{"s:5:6:129:Infinity":0,"s:146:16:238:Infinity":1,"f:146:16:146:22":0,"s:147:24:159:Infinity":2,"s:161:24:165:Infinity":3,"f:161:24:161:30":1,"b:162:8:162:Infinity:undefined:undefined:undefined:undefined":0,"s:162:8:162:Infinity":4,"s:162:28:162:Infinity":5,"b:163:8:163:Infinity:undefined:undefined:undefined:undefined":1,"s:163:8:163:Infinity":6,"s:163:27:163:Infinity":7,"s:164:8:164:Infinity":8,"s:167:26:176:Infinity":9,"f:167:26:167:27":2,"b:168:8:175:Infinity:undefined:undefined:undefined:undefined":2,"s:168:8:175:Infinity":10,"b:169:13:169:34:169:34:169:Infinity:170:12:170:Infinity:171:12:171:Infinity":3,"s:173:12:173:Infinity":11,"s:174:12:174:Infinity":12,"s:178:24:182:Infinity":13,"s:184:21:184:Infinity":14,"f:184:21:184:27":3,"s:184:27:184:Infinity":15,"b:184:39:184:53:184:53:184:57":4,"s:186:4:235:Infinity":16,"f:186:4:186:Infinity":4,"s:186:4:186:Infinity":17,"s:186:4:198:36":18,"s:198:36:201:Infinity":19,"f:198:36:198:Infinity":5,"s:198:36:194:14":20,"b:193:57:193:72:193:72:193:74":5,"f:195:12:195:16":6,"s:195:16:195:41":21,"b:195:18:195:33:195:33:195:41":6,"f:196:12:196:20":7,"s:196:20:196:53":22,"b:196:22:196:40:196:40:196:53":7,"f:197:12:197:19":8,"s:197:19:197:34":23,"f:197:34:197:Infinity":9,"s:197:34:199:43":24,"f:199:43:199:Infinity":10,"s:199:43:200:58":25,"b:200:27:200:45:200:45:200:58":8,"s:201:22:235:Infinity":26,"f:201:22:201:Infinity":11,"s:201:22:203:Infinity":27,"s:201:22:203:26":28,"s:203:26:233:Infinity":29,"f:203:26:203:Infinity":12,"s:203:13:233:Infinity":30,"b:203:13:219:Infinity:219:35:233:Infinity":9,"f:203:13:203:19":13,"s:203:13:211:Infinity":31,"b:205:31:211:Infinity:211:39:211:Infinity":10,"f:205:21:205:27":14,"s:205:21:205:31":32,"f:207:28:207:32":15,"s:207:32:207:44":33,"f:209:45:209:Infinity":16,"s:209:45:211:39":34,"f:218:21:218:Infinity":17,"s:219:21:219:35":35,"f:219:35:219:Infinity":18,"s:219:35:225:Infinity":36,"b:219:35:223:Infinity:223:65:225:Infinity":11,"f:223:21:223:27":19,"s:223:21:223:65":37,"b:223:21:223:35:223:35:223:65":12,"f:224:30:224:34":20,"s:224:34:224:46":38,"f:224:65:224:Infinity":21,"s:224:65:225:39":39,"f:227:21:227:Infinity":22,"s:228:21:228:35":40,"f:228:35:228:Infinity":23,"s:228:35:231:Infinity":41,"b:228:35:229:Infinity:229:65:231:Infinity":13,"f:229:21:229:27":24,"s:229:21:229:65":42,"b:229:21:229:35:229:35:229:65":14,"f:230:30:230:34":25,"s:230:34:230:46":43,"f:230:65:230:Infinity":26,"s:230:65:231:39":44,"s:235:13:235:Infinity":45,"b:238:1:238:Infinity:undefined:undefined:undefined:undefined":15,"s:238:1:238:Infinity":46}}}
,"/Users/ahmedragab/Ragab/_Projects/__proto__/website/src/components/atoms/Card/Card.tsx": {"path":"/Users/ahmedragab/Ragab/_Projects/__proto__/website/src/components/atoms/Card/Card.tsx","statementMap":{"0":{"start":{"line":4,"column":6},"end":{"line":22,"column":null}},"1":{"start":{"line":32,"column":16},"end":{"line":53,"column":null}},"2":{"start":{"line":33,"column":24},"end":{"line":38,"column":null}},"3":{"start":{"line":40,"column":4},"end":{"line":50,"column":null}},"4":{"start":{"line":40,"column":4},"end":{"line":40,"column":null}},"5":{"start":{"line":40,"column":4},"end":{"line":48,"column":null}},"6":{"start":{"line":40,"column":4},"end":{"line":46,"column":14}},"7":{"start":{"line":46,"column":14},"end":{"line":47,"column":44}},"8":{"start":{"line":48,"column":22},"end":{"line":50,"column":null}},"9":{"start":{"line":50,"column":13},"end":{"line":50,"column":27}},"10":{"start":{"line":50,"column":27},"end":{"line":50,"column":null}},"11":{"start":{"line":53,"column":1},"end":{"line":53,"column":null}}},"fnMap":{"0":{"name":"Card2","decl":{"start":{"line":32,"column":16},"end":{"line":32,"column":20}},"loc":{"start":{"line":32,"column":39},"end":{"line":53,"column":1}},"line":32},"1":{"name":"(anonymous_1)","decl":{"start":{"line":40,"column":4},"end":{"line":40,"column":null}},"loc":{"start":{"line":40,"column":4},"end":{"line":50,"column":null}},"line":40},"2":{"name":"(anonymous_2)","decl":{"start":{"line":46,"column":14},"end":{"line":46,"column":null}},"loc":{"start":{"line":46,"column":14},"end":{"line":47,"column":null}},"line":46},"3":{"name":"(anonymous_3)","decl":{"start":{"line":48,"column":22},"end":{"line":48,"column":null}},"loc":{"start":{"line":50,"column":13},"end":{"line":50,"column":27}},"line":50}},"branchMap":{"0":{"loc":{"start":{"line":53,"column":1},"end":{"line":53,"column":null}},"type":"if","locations":[{"start":{"line":53,"column":1},"end":{"line":53,"column":null}},{"start":{},"end":{}}],"line":53}},"s":{"0":1,"1":1,"2":13,"3":13,"4":13,"5":13,"6":13,"7":12,"8":13,"9":13,"10":13,"11":1},"f":{"0":13,"1":26,"2":12,"3":13},"b":{"0":[1,0]},"meta":{"lastBranch":1,"lastFunction":4,"lastStatement":12,"seen":{"s:4:6:22:Infinity":0,"s:32:16:53:Infinity":1,"f:32:16:32:20":0,"s:33:24:38:Infinity":2,"s:40:4:50:Infinity":3,"f:40:4:40:Infinity":1,"s:40:4:40:Infinity":4,"s:40:4:48:Infinity":5,"s:40:4:46:14":6,"f:46:14:46:Infinity":2,"s:46:14:47:44":7,"s:48:22:50:Infinity":8,"f:48:22:48:Infinity":3,"s:50:13:50:27":9,"s:50:27:50:Infinity":10,"b:53:1:53:Infinity:undefined:undefined:undefined:undefined":0,"s:53:1:53:Infinity":11}}}
,"/Users/ahmedragab/Ragab/_Projects/__proto__/website/src/components/atoms/Icon/Icon.tsx": {"path":"/Users/ahmedragab/Ragab/_Projects/__proto__/website/src/components/atoms/Icon/Icon.tsx","statementMap":{"0":{"start":{"line":4,"column":6},"end":{"line":27,"column":null}},"1":{"start":{"line":38,"column":16},"end":{"line":64,"column":null}},"2":{"start":{"line":39,"column":24},"end":{"line":46,"column":null}},"3":{"start":{"line":48,"column":4},"end":{"line":61,"column":null}},"4":{"start":{"line":48,"column":4},"end":{"line":48,"column":null}},"5":{"start":{"line":48,"column":4},"end":{"line":59,"column":null}},"6":{"start":{"line":48,"column":4},"end":{"line":54,"column":14}},"7":{"start":{"line":54,"column":14},"end":{"line":55,"column":43}},"8":{"start":{"line":55,"column":43},"end":{"line":57,"column":76}},"9":{"start":{"line":59,"column":22},"end":{"line":61,"column":null}},"10":{"start":{"line":61,"column":13},"end":{"line":61,"column":27}},"11":{"start":{"line":61,"column":27},"end":{"line":61,"column":null}},"12":{"start":{"line":64,"column":1},"end":{"line":64,"column":null}}},"fnMap":{"0":{"name":"Icon2","decl":{"start":{"line":38,"column":16},"end":{"line":38,"column":20}},"loc":{"start":{"line":38,"column":39},"end":{"line":64,"column":1}},"line":38},"1":{"name":"(anonymous_1)","decl":{"start":{"line":48,"column":4},"end":{"line":48,"column":null}},"loc":{"start":{"line":48,"column":4},"end":{"line":61,"column":null}},"line":48},"2":{"name":"(anonymous_2)","decl":{"start":{"line":54,"column":14},"end":{"line":54,"column":null}},"loc":{"start":{"line":54,"column":14},"end":{"line":55,"column":null}},"line":54},"3":{"name":"(anonymous_3)","decl":{"start":{"line":55,"column":43},"end":{"line":55,"column":null}},"loc":{"start":{"line":55,"column":43},"end":{"line":57,"column":null}},"line":55},"4":{"name":"(anonymous_4)","decl":{"start":{"line":59,"column":22},"end":{"line":59,"column":null}},"loc":{"start":{"line":61,"column":13},"end":{"line":61,"column":27}},"line":61}},"branchMap":{"0":{"loc":{"start":{"line":57,"column":16},"end":{"line":57,"column":76}},"type":"binary-expr","locations":[{"start":{"line":57,"column":16},"end":{"line":57,"column":41}},{"start":{"line":57,"column":41},"end":{"line":57,"column":76}}],"line":57},"1":{"loc":{"start":{"line":57,"column":41},"end":{"line":57,"column":76}},"type":"cond-expr","locations":[{"start":{"line":57,"column":63},"end":{"line":57,"column":71}},{"start":{"line":57,"column":71},"end":{"line":57,"column":76}}],"line":57},"2":{"loc":{"start":{"line":64,"column":1},"end":{"line":64,"column":null}},"type":"if","locations":[{"start":{"line":64,"column":1},"end":{"line":64,"column":null}},{"start":{},"end":{}}],"line":64}},"s":{"0":2,"1":2,"2":21,"3":21,"4":21,"5":21,"6":21,"7":21,"8":21,"9":21,"10":21,"11":21,"12":2},"f":{"0":21,"1":42,"2":21,"3":21,"4":21},"b":{"0":[21,17],"1":[1,16],"2":[2,0]},"meta":{"lastBranch":3,"lastFunction":5,"lastStatement":13,"seen":{"s:4:6:27:Infinity":0,"s:38:16:64:Infinity":1,"f:38:16:38:20":0,"s:39:24:46:Infinity":2,"s:48:4:61:Infinity":3,"f:48:4:48:Infinity":1,"s:48:4:48:Infinity":4,"s:48:4:59:Infinity":5,"s:48:4:54:14":6,"f:54:14:54:Infinity":2,"s:54:14:55:43":7,"f:55:43:55:Infinity":3,"s:55:43:57:76":8,"b:57:16:57:41:57:41:57:76":0,"b:57:63:57:71:57:71:57:76":1,"s:59:22:61:Infinity":9,"f:59:22:59:Infinity":4,"s:61:13:61:27":10,"s:61:27:61:Infinity":11,"b:64:1:64:Infinity:undefined:undefined:undefined:undefined":2,"s:64:1:64:Infinity":12}}}
,"/Users/ahmedragab/Ragab/_Projects/__proto__/website/src/components/atoms/Input/Input.tsx": {"path":"/Users/ahmedragab/Ragab/_Projects/__proto__/website/src/components/atoms/Input/Input.tsx","statementMap":{"0":{"start":{"line":4,"column":6},"end":{"line":22,"column":null}},"1":{"start":{"line":46,"column":16},"end":{"line":95,"column":null}},"2":{"start":{"line":47,"column":24},"end":{"line":54,"column":null}},"3":{"start":{"line":56,"column":23},"end":{"line":60,"column":null}},"4":{"start":{"line":57,"column":8},"end":{"line":57,"column":null}},"5":{"start":{"line":57,"column":28},"end":{"line":57,"column":null}},"6":{"start":{"line":58,"column":8},"end":{"line":58,"column":null}},"7":{"start":{"line":58,"column":36},"end":{"line":58,"column":null}},"8":{"start":{"line":59,"column":8},"end":{"line":59,"column":null}},"9":{"start":{"line":62,"column":24},"end":{"line":66,"column":null}},"10":{"start":{"line":63,"column":23},"end":{"line":63,"column":null}},"11":{"start":{"line":64,"column":8},"end":{"line":64,"column":null}},"12":{"start":{"line":65,"column":8},"end":{"line":65,"column":null}},"13":{"start":{"line":68,"column":4},"end":{"line":92,"column":null}},"14":{"start":{"line":68,"column":4},"end":{"line":68,"column":null}},"15":{"start":{"line":68,"column":4},"end":{"line":74,"column":null}},"16":{"start":{"line":74,"column":33},"end":{"line":73,"column":32}},"17":{"start":{"line":73,"column":32},"end":{"line":92,"column":null}},"18":{"start":{"line":70,"column":14},"end":{"line":70,"column":25}},"19":{"start":{"line":71,"column":16},"end":{"line":71,"column":39}},"20":{"start":{"line":72,"column":17},"end":{"line":72,"column":30}},"21":{"start":{"line":75,"column":23},"end":{"line":75,"column":43}},"22":{"start":{"line":76,"column":20},"end":{"line":76,"column":37}},"23":{"start":{"line":77,"column":20},"end":{"line":77,"column":36}},"24":{"start":{"line":78,"column":20},"end":{"line":78,"column":37}},"25":{"start":{"line":79,"column":15},"end":{"line":79,"column":27}},"26":{"start":{"line":80,"column":15},"end":{"line":80,"column":27}},"27":{"start":{"line":81,"column":16},"end":{"line":81,"column":29}},"28":{"start":{"line":82,"column":19},"end":{"line":82,"column":35}},"29":{"start":{"line":83,"column":24},"end":{"line":83,"column":45}},"30":{"start":{"line":83,"column":45},"end":{"line":84,"column":44}},"31":{"start":{"line":84,"column":44},"end":{"line":85,"column":56}},"32":{"start":{"line":85,"column":56},"end":{"line":86,"column":48}},"33":{"start":{"line":86,"column":48},"end":{"line":91,"column":14}},"34":{"start":{"line":92,"column":22},"end":{"line":92,"column":null}},"35":{"start":{"line":95,"column":1},"end":{"line":95,"column":null}}},"fnMap":{"0":{"name":"Input2","decl":{"start":{"line":46,"column":16},"end":{"line":46,"column":21}},"loc":{"start":{"line":46,"column":41},"end":{"line":95,"column":1}},"line":46},"1":{"name":"(anonymous_1)","decl":{"start":{"line":56,"column":23},"end":{"line":56,"column":29}},"loc":{"start":{"line":56,"column":29},"end":{"line":60,"column":null}},"line":56},"2":{"name":"(anonymous_2)","decl":{"start":{"line":62,"column":24},"end":{"line":62,"column":25}},"loc":{"start":{"line":62,"column":38},"end":{"line":66,"column":null}},"line":62},"3":{"name":"(anonymous_3)","decl":{"start":{"line":68,"column":4},"end":{"line":68,"column":null}},"loc":{"start":{"line":68,"column":4},"end":{"line":92,"column":null}},"line":68},"4":{"name":"(anonymous_4)","decl":{"start":{"line":70,"column":12},"end":{"line":70,"column":14}},"loc":{"start":{"line":70,"column":14},"end":{"line":70,"column":null}},"line":70},"5":{"name":"(anonymous_5)","decl":{"start":{"line":71,"column":12},"end":{"line":71,"column":16}},"loc":{"start":{"line":71,"column":16},"end":{"line":71,"column":null}},"line":71},"6":{"name":"(anonymous_6)","decl":{"start":{"line":72,"column":12},"end":{"line":72,"column":17}},"loc":{"start":{"line":72,"column":17},"end":{"line":72,"column":null}},"line":72},"7":{"name":"(anonymous_7)","decl":{"start":{"line":75,"column":12},"end":{"line":75,"column":23}},"loc":{"start":{"line":75,"column":23},"end":{"line":75,"column":null}},"line":75},"8":{"name":"(anonymous_8)","decl":{"start":{"line":76,"column":12},"end":{"line":76,"column":20}},"loc":{"start":{"line":76,"column":20},"end":{"line":76,"column":null}},"line":76},"9":{"name":"(anonymous_9)","decl":{"start":{"line":77,"column":12},"end":{"line":77,"column":20}},"loc":{"start":{"line":77,"column":20},"end":{"line":77,"column":null}},"line":77},"10":{"name":"(anonymous_10)","decl":{"start":{"line":78,"column":12},"end":{"line":78,"column":20}},"loc":{"start":{"line":78,"column":20},"end":{"line":78,"column":null}},"line":78},"11":{"name":"(anonymous_11)","decl":{"start":{"line":79,"column":12},"end":{"line":79,"column":15}},"loc":{"start":{"line":79,"column":15},"end":{"line":79,"column":null}},"line":79},"12":{"name":"(anonymous_12)","decl":{"start":{"line":80,"column":12},"end":{"line":80,"column":15}},"loc":{"start":{"line":80,"column":15},"end":{"line":80,"column":null}},"line":80},"13":{"name":"(anonymous_13)","decl":{"start":{"line":81,"column":12},"end":{"line":81,"column":16}},"loc":{"start":{"line":81,"column":16},"end":{"line":81,"column":null}},"line":81},"14":{"name":"(anonymous_14)","decl":{"start":{"line":82,"column":12},"end":{"line":82,"column":19}},"loc":{"start":{"line":82,"column":19},"end":{"line":82,"column":null}},"line":82},"15":{"name":"(anonymous_15)","decl":{"start":{"line":83,"column":12},"end":{"line":83,"column":24}},"loc":{"start":{"line":83,"column":24},"end":{"line":83,"column":null}},"line":83},"16":{"name":"(anonymous_16)","decl":{"start":{"line":83,"column":45},"end":{"line":83,"column":null}},"loc":{"start":{"line":83,"column":45},"end":{"line":84,"column":null}},"line":83},"17":{"name":"(anonymous_17)","decl":{"start":{"line":84,"column":44},"end":{"line":84,"column":null}},"loc":{"start":{"line":84,"column":44},"end":{"line":85,"column":null}},"line":84},"18":{"name":"(anonymous_18)","decl":{"start":{"line":85,"column":56},"end":{"line":85,"column":null}},"loc":{"start":{"line":85,"column":56},"end":{"line":86,"column":null}},"line":85},"19":{"name":"(anonymous_19)","decl":{"start":{"line":86,"column":48},"end":{"line":86,"column":null}},"loc":{"start":{"line":86,"column":48},"end":{"line":91,"column":null}},"line":86}},"branchMap":{"0":{"loc":{"start":{"line":57,"column":8},"end":{"line":57,"column":null}},"type":"if","locations":[{"start":{"line":57,"column":8},"end":{"line":57,"column":null}},{"start":{},"end":{}}],"line":57},"1":{"loc":{"start":{"line":58,"column":8},"end":{"line":58,"column":null}},"type":"if","locations":[{"start":{"line":58,"column":8},"end":{"line":58,"column":null}},{"start":{},"end":{}}],"line":58},"2":{"loc":{"start":{"line":71,"column":18},"end":{"line":71,"column":39}},"type":"binary-expr","locations":[{"start":{"line":71,"column":18},"end":{"line":71,"column":33}},{"start":{"line":71,"column":33},"end":{"line":71,"column":39}}],"line":71},"3":{"loc":{"start":{"line":88,"column":22},"end":{"line":88,"column":null}},"type":"binary-expr","locations":[{"start":{"line":88,"column":22},"end":{"line":88,"column":36}},{"start":{"line":88,"column":36},"end":{"line":88,"column":null}}],"line":88},"4":{"loc":{"start":{"line":95,"column":1},"end":{"line":95,"column":null}},"type":"if","locations":[{"start":{"line":95,"column":1},"end":{"line":95,"column":null}},{"start":{},"end":{}}],"line":95}},"s":{"0":1,"1":1,"2":23,"3":23,"4":24,"5":1,"6":23,"7":3,"8":20,"9":23,"10":3,"11":3,"12":3,"13":23,"14":23,"15":23,"16":23,"17":23,"18":23,"19":22,"20":24,"21":21,"22":23,"23":24,"24":23,"25":23,"26":23,"27":24,"28":23,"29":24,"30":23,"31":23,"32":21,"33":24,"34":23,"35":1},"f":{"0":23,"1":24,"2":3,"3":23,"4":23,"5":22,"6":24,"7":21,"8":23,"9":24,"10":23,"11":23,"12":23,"13":24,"14":23,"15":24,"16":23,"17":23,"18":21,"19":24},"b":{"0":[1,23],"1":[3,20],"2":[22,22],"3":[24,21],"4":[1,0]},"meta":{"lastBranch":5,"lastFunction":20,"lastStatement":36,"seen":{"s:4:6:22:Infinity":0,"s:46:16:95:Infinity":1,"f:46:16:46:21":0,"s:47:24:54:Infinity":2,"s:56:23:60:Infinity":3,"f:56:23:56:29":1,"b:57:8:57:Infinity:undefined:undefined:undefined:undefined":0,"s:57:8:57:Infinity":4,"s:57:28:57:Infinity":5,"b:58:8:58:Infinity:undefined:undefined:undefined:undefined":1,"s:58:8:58:Infinity":6,"s:58:36:58:Infinity":7,"s:59:8:59:Infinity":8,"s:62:24:66:Infinity":9,"f:62:24:62:25":2,"s:63:23:63:Infinity":10,"s:64:8:64:Infinity":11,"s:65:8:65:Infinity":12,"s:68:4:92:Infinity":13,"f:68:4:68:Infinity":3,"s:68:4:68:Infinity":14,"s:68:4:74:Infinity":15,"s:74:33:73:32":16,"s:73:32:92:Infinity":17,"f:70:12:70:14":4,"s:70:14:70:25":18,"f:71:12:71:16":5,"s:71:16:71:39":19,"b:71:18:71:33:71:33:71:39":2,"f:72:12:72:17":6,"s:72:17:72:30":20,"f:75:12:75:23":7,"s:75:23:75:43":21,"f:76:12:76:20":8,"s:76:20:76:37":22,"f:77:12:77:20":9,"s:77:20:77:36":23,"f:78:12:78:20":10,"s:78:20:78:37":24,"f:79:12:79:15":11,"s:79:15:79:27":25,"f:80:12:80:15":12,"s:80:15:80:27":26,"f:81:12:81:16":13,"s:81:16:81:29":27,"f:82:12:82:19":14,"s:82:19:82:35":28,"f:83:12:83:24":15,"s:83:24:83:45":29,"f:83:45:83:Infinity":16,"s:83:45:84:44":30,"f:84:44:84:Infinity":17,"s:84:44:85:56":31,"f:85:56:85:Infinity":18,"s:85:56:86:48":32,"f:86:48:86:Infinity":19,"s:86:48:91:14":33,"b:88:22:88:36:88:36:88:Infinity":3,"s:92:22:92:Infinity":34,"b:95:1:95:Infinity:undefined:undefined:undefined:undefined":4,"s:95:1:95:Infinity":35}}}
,"/Users/ahmedragab/Ragab/_Projects/__proto__/website/src/components/atoms/Label/Label.tsx": {"path":"/Users/ahmedragab/Ragab/_Projects/__proto__/website/src/components/atoms/Label/Label.tsx","statementMap":{"0":{"start":{"line":4,"column":6},"end":{"line":21,"column":null}},"1":{"start":{"line":32,"column":16},"end":{"line":59,"column":null}},"2":{"start":{"line":33,"column":24},"end":{"line":38,"column":null}},"3":{"start":{"line":40,"column":4},"end":{"line":56,"column":null}},"4":{"start":{"line":40,"column":4},"end":{"line":40,"column":null}},"5":{"start":{"line":40,"column":4},"end":{"line":49,"column":null}},"6":{"start":{"line":40,"column":4},"end":{"line":42,"column":27}},"7":{"start":{"line":42,"column":27},"end":{"line":47,"column":14}},"8":{"start":{"line":47,"column":14},"end":{"line":48,"column":44}},"9":{"start":{"line":49,"column":22},"end":{"line":51,"column":null}},"10":{"start":{"line":51,"column":13},"end":{"line":51,"column":27}},"11":{"start":{"line":51,"column":27},"end":{"line":56,"column":null}},"12":{"start":{"line":51,"column":27},"end":{"line":52,"column":null}},"13":{"start":{"line":51,"column":27},"end":{"line":52,"column":27}},"14":{"start":{"line":52,"column":27},"end":{"line":52,"column":19}},"15":{"start":{"line":52,"column":13},"end":{"line":52,"column":19}},"16":{"start":{"line":56,"column":13},"end":{"line":56,"column":null}},"17":{"start":{"line":59,"column":1},"end":{"line":59,"column":null}}},"fnMap":{"0":{"name":"Label2","decl":{"start":{"line":32,"column":16},"end":{"line":32,"column":21}},"loc":{"start":{"line":32,"column":41},"end":{"line":59,"column":1}},"line":32},"1":{"name":"(anonymous_1)","decl":{"start":{"line":40,"column":4},"end":{"line":40,"column":null}},"loc":{"start":{"line":40,"column":4},"end":{"line":56,"column":null}},"line":40},"2":{"name":"(anonymous_2)","decl":{"start":{"line":42,"column":27},"end":{"line":42,"column":null}},"loc":{"start":{"line":42,"column":27},"end":{"line":47,"column":null}},"line":42},"3":{"name":"(anonymous_3)","decl":{"start":{"line":47,"column":14},"end":{"line":47,"column":null}},"loc":{"start":{"line":47,"column":14},"end":{"line":48,"column":null}},"line":47},"4":{"name":"(anonymous_4)","decl":{"start":{"line":49,"column":22},"end":{"line":49,"column":null}},"loc":{"start":{"line":51,"column":13},"end":{"line":51,"column":27}},"line":51},"5":{"name":"(anonymous_5)","decl":{"start":{"line":51,"column":27},"end":{"line":51,"column":null}},"loc":{"start":{"line":51,"column":27},"end":{"line":56,"column":null}},"line":51},"6":{"name":"(anonymous_6)","decl":{"start":{"line":52,"column":27},"end":{"line":52,"column":null}},"loc":{"start":{"line":52,"column":13},"end":{"line":52,"column":19}},"line":52}},"branchMap":{"0":{"loc":{"start":{"line":45,"column":26},"end":{"line":45,"column":null}},"type":"binary-expr","locations":[{"start":{"line":45,"column":26},"end":{"line":45,"column":44}},{"start":{"line":45,"column":44},"end":{"line":45,"column":null}}],"line":45},"1":{"loc":{"start":{"line":52,"column":13},"end":{"line":52,"column":19}},"type":"binary-expr","locations":[{"start":{"line":52,"column":13},"end":{"line":52,"column":19}},{"start":{"line":52,"column":13},"end":{"line":52,"column":19}}],"line":52},"2":{"loc":{"start":{"line":59,"column":1},"end":{"line":59,"column":null}},"type":"if","locations":[{"start":{"line":59,"column":1},"end":{"line":59,"column":null}},{"start":{},"end":{}}],"line":59}},"s":{"0":1,"1":1,"2":12,"3":12,"4":12,"5":12,"6":11,"7":12,"8":11,"9":12,"10":12,"11":12,"12":12,"13":12,"14":12,"15":12,"16":12,"17":1},"f":{"0":12,"1":23,"2":12,"3":11,"4":12,"5":24,"6":12},"b":{"0":[12,10],"1":[12,2],"2":[1,0]},"meta":{"lastBranch":3,"lastFunction":7,"lastStatement":18,"seen":{"s:4:6:21:Infinity":0,"s:32:16:59:Infinity":1,"f:32:16:32:21":0,"s:33:24:38:Infinity":2,"s:40:4:56:Infinity":3,"f:40:4:40:Infinity":1,"s:40:4:40:Infinity":4,"s:40:4:49:Infinity":5,"s:40:4:42:27":6,"f:42:27:42:Infinity":2,"s:42:27:47:14":7,"b:45:26:45:44:45:44:45:Infinity":0,"f:47:14:47:Infinity":3,"s:47:14:48:44":8,"s:49:22:51:Infinity":9,"f:49:22:49:Infinity":4,"s:51:13:51:27":10,"s:51:27:56:Infinity":11,"f:51:27:51:Infinity":5,"s:51:27:52:Infinity":12,"s:51:27:52:27":13,"s:52:27:52:19":14,"f:52:27:52:Infinity":6,"s:52:13:52:19":15,"b:52:13:52:19:52:13:52:19":1,"s:56:13:56:Infinity":16,"b:59:1:59:Infinity:undefined:undefined:undefined:undefined":2,"s:59:1:59:Infinity":17}}}
,"/Users/ahmedragab/Ragab/_Projects/__proto__/website/src/components/atoms/Text/Text.tsx": {"path":"/Users/ahmedragab/Ragab/_Projects/__proto__/website/src/components/atoms/Text/Text.tsx","statementMap":{"0":{"start":{"line":4,"column":6},"end":{"line":40,"column":null}},"1":{"start":{"line":53,"column":26},"end":{"line":71,"column":null}},"2":{"start":{"line":58,"column":23},"end":{"line":68,"column":null}},"3":{"start":{"line":59,"column":9},"end":{"line":59,"column":18}},"4":{"start":{"line":59,"column":9},"end":{"line":59,"column":26}},"5":{"start":{"line":59,"column":23},"end":{"line":59,"column":null}},"6":{"start":{"line":59,"column":34},"end":{"line":59,"column":null}},"7":{"start":{"line":60,"column":12},"end":{"line":60,"column":24}},"8":{"start":{"line":60,"column":12},"end":{"line":60,"column":32}},"9":{"start":{"line":60,"column":29},"end":{"line":60,"column":null}},"10":{"start":{"line":60,"column":40},"end":{"line":60,"column":null}},"11":{"start":{"line":61,"column":11},"end":{"line":61,"column":22}},"12":{"start":{"line":61,"column":11},"end":{"line":61,"column":30}},"13":{"start":{"line":61,"column":27},"end":{"line":61,"column":null}},"14":{"start":{"line":61,"column":38},"end":{"line":61,"column":null}},"15":{"start":{"line":62,"column":10},"end":{"line":62,"column":20}},"16":{"start":{"line":62,"column":10},"end":{"line":62,"column":28}},"17":{"start":{"line":62,"column":25},"end":{"line":62,"column":null}},"18":{"start":{"line":62,"column":36},"end":{"line":62,"column":null}},"19":{"start":{"line":63,"column":10},"end":{"line":63,"column":20}},"20":{"start":{"line":63,"column":10},"end":{"line":63,"column":28}},"21":{"start":{"line":63,"column":25},"end":{"line":63,"column":null}},"22":{"start":{"line":63,"column":36},"end":{"line":63,"column":null}},"23":{"start":{"line":64,"column":10},"end":{"line":64,"column":20}},"24":{"start":{"line":64,"column":10},"end":{"line":64,"column":28}},"25":{"start":{"line":64,"column":25},"end":{"line":64,"column":null}},"26":{"start":{"line":64,"column":36},"end":{"line":64,"column":null}},"27":{"start":{"line":65,"column":10},"end":{"line":65,"column":20}},"28":{"start":{"line":65,"column":10},"end":{"line":65,"column":28}},"29":{"start":{"line":65,"column":25},"end":{"line":65,"column":null}},"30":{"start":{"line":65,"column":36},"end":{"line":65,"column":null}},"31":{"start":{"line":66,"column":10},"end":{"line":66,"column":20}},"32":{"start":{"line":66,"column":10},"end":{"line":66,"column":28}},"33":{"start":{"line":66,"column":25},"end":{"line":66,"column":null}},"34":{"start":{"line":66,"column":36},"end":{"line":66,"column":null}},"35":{"start":{"line":67,"column":10},"end":{"line":67,"column":20}},"36":{"start":{"line":67,"column":10},"end":{"line":67,"column":28}},"37":{"start":{"line":67,"column":25},"end":{"line":67,"column":null}},"38":{"start":{"line":67,"column":36},"end":{"line":67,"column":null}},"39":{"start":{"line":70,"column":4},"end":{"line":70,"column":null}},"40":{"start":{"line":73,"column":16},"end":{"line":102,"column":null}},"41":{"start":{"line":74,"column":24},"end":{"line":82,"column":null}},"42":{"start":{"line":84,"column":16},"end":{"line":84,"column":null}},"43":{"start":{"line":85,"column":22},"end":{"line":91,"column":null}},"44":{"start":{"line":93,"column":4},"end":{"line":101,"column":null}},"45":{"start":{"line":102,"column":1},"end":{"line":102,"column":null}}},"fnMap":{"0":{"name":"(anonymous_0)","decl":{"start":{"line":53,"column":26},"end":{"line":53,"column":null}},"loc":{"start":{"line":57,"column":5},"end":{"line":71,"column":null}},"line":57},"1":{"name":"(anonymous_1)","decl":{"start":{"line":59,"column":9},"end":{"line":59,"column":18}},"loc":{"start":{"line":59,"column":9},"end":{"line":59,"column":null}},"line":59},"2":{"name":"(anonymous_2)","decl":{"start":{"line":60,"column":12},"end":{"line":60,"column":24}},"loc":{"start":{"line":60,"column":12},"end":{"line":60,"column":null}},"line":60},"3":{"name":"(anonymous_3)","decl":{"start":{"line":61,"column":11},"end":{"line":61,"column":22}},"loc":{"start":{"line":61,"column":11},"end":{"line":61,"column":null}},"line":61},"4":{"name":"(anonymous_4)","decl":{"start":{"line":62,"column":10},"end":{"line":62,"column":20}},"loc":{"start":{"line":62,"column":10},"end":{"line":62,"column":null}},"line":62},"5":{"name":"(anonymous_5)","decl":{"start":{"line":63,"column":10},"end":{"line":63,"column":20}},"loc":{"start":{"line":63,"column":10},"end":{"line":63,"column":null}},"line":63},"6":{"name":"(anonymous_6)","decl":{"start":{"line":64,"column":10},"end":{"line":64,"column":20}},"loc":{"start":{"line":64,"column":10},"end":{"line":64,"column":null}},"line":64},"7":{"name":"(anonymous_7)","decl":{"start":{"line":65,"column":10},"end":{"line":65,"column":20}},"loc":{"start":{"line":65,"column":10},"end":{"line":65,"column":null}},"line":65},"8":{"name":"(anonymous_8)","decl":{"start":{"line":66,"column":10},"end":{"line":66,"column":20}},"loc":{"start":{"line":66,"column":10},"end":{"line":66,"column":null}},"line":66},"9":{"name":"(anonymous_9)","decl":{"start":{"line":67,"column":10},"end":{"line":67,"column":20}},"loc":{"start":{"line":67,"column":10},"end":{"line":67,"column":null}},"line":67},"10":{"name":"Text2","decl":{"start":{"line":73,"column":16},"end":{"line":73,"column":20}},"loc":{"start":{"line":73,"column":39},"end":{"line":102,"column":1}},"line":73}},"branchMap":{"0":{"loc":{"start":{"line":70,"column":11},"end":{"line":70,"column":null}},"type":"binary-expr","locations":[{"start":{"line":70,"column":11},"end":{"line":70,"column":57}},{"start":{"line":70,"column":57},"end":{"line":70,"column":null}}],"line":70},"1":{"loc":{"start":{"line":84,"column":16},"end":{"line":84,"column":null}},"type":"binary-expr","locations":[{"start":{"line":84,"column":16},"end":{"line":84,"column":28}},{"start":{"line":84,"column":28},"end":{"line":84,"column":null}}],"line":84},"2":{"loc":{"start":{"line":102,"column":1},"end":{"line":102,"column":null}},"type":"if","locations":[{"start":{"line":102,"column":1},"end":{"line":102,"column":null}},{"start":{},"end":{}}],"line":102}},"s":{"0":1,"1":1,"2":35,"3":35,"4":35,"5":35,"6":35,"7":35,"8":35,"9":35,"10":35,"11":35,"12":35,"13":35,"14":35,"15":35,"16":35,"17":35,"18":35,"19":35,"20":35,"21":35,"22":35,"23":35,"24":35,"25":35,"26":35,"27":35,"28":35,"29":35,"30":35,"31":35,"32":35,"33":35,"34":35,"35":35,"36":35,"37":35,"38":35,"39":35,"40":1,"41":35,"42":35,"43":35,"44":35,"45":1},"f":{"0":35,"1":35,"2":35,"3":35,"4":35,"5":35,"6":35,"7":35,"8":35,"9":35,"10":35},"b":{"0":[35,0],"1":[35,26],"2":[1,0]},"meta":{"lastBranch":3,"lastFunction":11,"lastStatement":46,"seen":{"s:4:6:40:Infinity":0,"s:53:26:71:Infinity":1,"f:53:26:53:Infinity":0,"s:58:23:68:Infinity":2,"f:59:9:59:18":1,"s:59:9:59:18":3,"s:59:9:59:26":4,"s:59:23:59:Infinity":5,"s:59:34:59:Infinity":6,"f:60:12:60:24":2,"s:60:12:60:24":7,"s:60:12:60:32":8,"s:60:29:60:Infinity":9,"s:60:40:60:Infinity":10,"f:61:11:61:22":3,"s:61:11:61:22":11,"s:61:11:61:30":12,"s:61:27:61:Infinity":13,"s:61:38:61:Infinity":14,"f:62:10:62:20":4,"s:62:10:62:20":15,"s:62:10:62:28":16,"s:62:25:62:Infinity":17,"s:62:36:62:Infinity":18,"f:63:10:63:20":5,"s:63:10:63:20":19,"s:63:10:63:28":20,"s:63:25:63:Infinity":21,"s:63:36:63:Infinity":22,"f:64:10:64:20":6,"s:64:10:64:20":23,"s:64:10:64:28":24,"s:64:25:64:Infinity":25,"s:64:36:64:Infinity":26,"f:65:10:65:20":7,"s:65:10:65:20":27,"s:65:10:65:28":28,"s:65:25:65:Infinity":29,"s:65:36:65:Infinity":30,"f:66:10:66:20":8,"s:66:10:66:20":31,"s:66:10:66:28":32,"s:66:25:66:Infinity":33,"s:66:36:66:Infinity":34,"f:67:10:67:20":9,"s:67:10:67:20":35,"s:67:10:67:28":36,"s:67:25:67:Infinity":37,"s:67:36:67:Infinity":38,"s:70:4:70:Infinity":39,"b:70:11:70:57:70:57:70:Infinity":0,"s:73:16:102:Infinity":40,"f:73:16:73:20":10,"s:74:24:82:Infinity":41,"s:84:16:84:Infinity":42,"b:84:16:84:28:84:28:84:Infinity":1,"s:85:22:91:Infinity":43,"s:93:4:101:Infinity":44,"b:102:1:102:Infinity:undefined:undefined:undefined:undefined":2,"s:102:1:102:Infinity":45}}}
}
